[INFO ] 2026-05-10 22:40:05.364 [main] Hooks - Scenario started: Login with valid Credentials
[ERROR] 2026-05-10 22:45:05.671 [main] Hooks - Scenario failed: Login with valid Credentials
[INFO ] 2026-05-10 22:45:05.878 [main] Hooks - Scenario ended: Login with valid Credentials
[INFO ] 2026-05-10 23:08:08.977 [main] Hooks - Scenario started: Login with valid Credentials
[ERROR] 2026-05-10 23:08:13.132 [main] Hooks - Scenario failed: Login with valid Credentials
[INFO ] 2026-05-10 23:08:13.430 [main] Hooks - Scenario ended: Login with valid Credentials
[INFO ] 2026-05-10 23:27:41.414 [main] Hooks - Scenario started: Login with valid Credentials
[ERROR] 2026-05-10 23:27:47.036 [main] Hooks - Scenario failed: Login with valid Credentials
[INFO ] 2026-05-10 23:27:47.737 [main] Hooks - Scenario ended: Login with valid Credentials
[INFO ] 2026-05-10 23:29:29.678 [main] Hooks - Scenario started: Login with valid Credentials
[ERROR] 2026-05-10 23:29:39.248 [main] Hooks - Scenario failed: Login with valid Credentials
[INFO ] 2026-05-10 23:29:39.875 [main] Hooks - Scenario ended: Login with valid Credentials
[INFO ] 2026-05-10 23:35:07.645 [main] Hooks - Scenario started: Login with valid Credentials
[ERROR] 2026-05-10 23:35:15.930 [main] Hooks - Scenario failed: Login with valid Credentials
[INFO ] 2026-05-10 23:35:16.365 [main] Hooks - Scenario ended: Login with valid Credentials
[INFO ] 2026-05-10 23:43:03.947 [main] Hooks - Scenario started: Login with valid Credentials
[ERROR] 2026-05-10 23:43:17.127 [main] Hooks - Scenario failed: Login with valid Credentials
[INFO ] 2026-05-10 23:43:17.909 [main] Hooks - Scenario ended: Login with valid Credentials
[INFO ] 2026-05-10 23:58:01.426 [main] Hooks - Scenario started: Login with valid Credentials
[ERROR] 2026-05-10 23:58:07.113 [main] Hooks - Scenario failed: Login with valid Credentials
[INFO ] 2026-05-10 23:58:07.328 [main] Hooks - Scenario ended: Login with valid Credentials
[INFO ] 2026-05-11 00:02:52.853 [main] Hooks - Scenario started: Login with valid Credentials
[ERROR] 2026-05-11 00:03:23.257 [main] Hooks - Scenario failed: Login with valid Credentials
[INFO ] 2026-05-11 00:03:23.468 [main] Hooks - Scenario ended: Login with valid Credentials
[INFO ] 2026-05-11 00:06:36.763 [main] Hooks - Scenario started: Login with valid Credentials
[ERROR] 2026-05-11 00:07:03.166 [main] Hooks - Scenario failed: Login with valid Credentials
[INFO ] 2026-05-11 00:07:03.425 [main] Hooks - Scenario ended: Login with valid Credentials
[INFO ] 2026-05-11 00:13:52.224 [main] Hooks - Scenario started: Login with valid Credentials
[ERROR] 2026-05-11 00:14:18.340 [main] Hooks - Scenario failed: Login with valid Credentials
[INFO ] 2026-05-11 00:14:18.596 [main] Hooks - Scenario ended: Login with valid Credentials
[INFO ] 2026-05-11 00:20:08.751 [main] Hooks - Scenario started: Login with valid Credentials
[ERROR] 2026-05-11 00:20:35.533 [main] Hooks - Scenario failed: Login with valid Credentials
[INFO ] 2026-05-11 00:20:35.728 [main] Hooks - Scenario ended: Login with valid Credentials
[INFO ] 2026-05-11 00:21:27.028 [main] Hooks - Scenario started: Login with valid Credentials
[ERROR] 2026-05-11 00:21:58.204 [main] Hooks - Scenario failed: Login with valid Credentials
[INFO ] 2026-05-11 00:21:58.448 [main] Hooks - Scenario ended: Login with valid Credentials
[INFO ] 2026-05-11 06:39:38.928 [main] Hooks - Scenario Started: Login with valid credentials
[ERROR] 2026-05-11 06:39:40.806 [main] Hooks - Scenario Failed: Login with valid credentials
[INFO ] 2026-05-11 06:40:38.873 [main] Hooks - Scenario Started: Login with valid credentials
[ERROR] 2026-05-11 06:40:56.635 [main] Hooks - Scenario Failed: Login with valid credentials
[INFO ] 2026-05-11 06:41:09.746 [main] Hooks - Scenario Started: Login with valid credentials
[ERROR] 2026-05-11 06:41:20.740 [main] Hooks - Scenario Failed: Login with valid credentials
[INFO ] 2026-05-11 06:41:38.551 [main] Hooks - Scenario Started: Login with valid credentials
[ERROR] 2026-05-11 06:41:50.444 [main] Hooks - Scenario Failed: Login with valid credentials
[INFO ] 2026-05-11 06:42:09.288 [main] Hooks - Scenario Started: Login with valid credentials
[ERROR] 2026-05-11 06:42:20.501 [main] Hooks - Scenario Failed: Login with valid credentials
[INFO ] 2026-05-11 06:49:12.535 [main] Hooks - Scenario Started: Login with valid credentials
[ERROR] 2026-05-11 06:49:46.984 [main] Hooks - Scenario Failed: Login with valid credentials
[INFO ] 2026-05-11 06:55:33.847 [main] Hooks - Scenario Started: Login with valid credentials
[ERROR] 2026-05-11 06:56:10.153 [main] Hooks - Scenario Failed: Login with valid credentials
[INFO ] 2026-05-11 06:57:48.577 [main] Hooks - Scenario Started: Login with valid credentials
[INFO ] 2026-05-11 06:57:54.206 [main] Hooks - Scenario Passed: Login with valid credentials
[INFO ] 2026-05-11 07:04:58.518 [main] Hooks - Scenario Started: Login with valid credentials
[INFO ] 2026-05-11 07:05:03.780 [main] Hooks - Scenario Passed: Login with valid credentials
[INFO ] 2026-05-11 07:06:37.693 [main] Hooks - Scenario Started: Login with valid credentials
[INFO ] 2026-05-11 07:06:43.130 [main] Hooks - Scenario Passed: Login with valid credentials
[INFO ] 2026-05-11 07:11:36.711 [main] Hooks - Scenario Started: Login with valid credentials
[INFO ] 2026-05-11 07:11:46.781 [main] Hooks - Scenario Passed: Login with valid credentials
[INFO ] 2026-05-11 07:44:46.608 [main] Hooks - Scenario Started: Login with valid credentials
[INFO ] 2026-05-11 07:44:55.729 [main] Hooks - Scenario Passed: Login with valid credentials
